# JRE version: Java(TM) SE Runtime Environment (24.0.2+12) (build 24.0.2+12-54)
# Java VM: Java HotSpot(TM) 64-Bit Server VM (24.0.2+12-54, mixed mode, sharing, tiered, compressed oops, compressed class ptrs, g1 gc, windows-amd64)
GC Precious Log:
 CardTable entry size: 512
 Card Set container configuration: InlinePtr #cards 5 size 8 Array Of Cards #cards 10 size 36 Howl #buckets 4 coarsen threshold 1843 Howl Bitmap #cards 512 size 80 coarsen threshold 460 Card regions per heap region 1 cards per card region 2048
 CPUs: 8 total, 8 available
 Memory: 7930M
 Large Page Support: Disabled
 NUMA Support: Disabled
 Compressed Oops: Enabled (32-bit)
 Heap Region Size: 1M
 Heap Min Capacity: 8M
 Heap Initial Capacity: 124M
 Heap Max Capacity: 2G
 Pre-touch: Disabled
 Parallel Workers: 8
 Concurrent Workers: 2
 Concurrent Refinement Workers: 8
 Periodic GC: Disabled
Heap:
 garbage-first heap   total reserved 2097152K, committed 114688K, used 67222K [0x0000000080000000, 0x0000000100000000)
  region size 1024K, 5 young (5120K), 4 survivors (4096K)
 Metaspace       used 66057K, committed 68032K, reserved 491520K
  class space    used 7569K, committed 8512K, reserved 425984K
GC Heap History (20 events):
Event: 60.581 GC heap before
{Heap before GC invocations=7 (full 0):
 garbage-first heap   total reserved 2097152K, committed 94208K, used 35499K [0x0000000080000000, 0x0000000100000000)
  region size 1024K, 9 young (9216K), 4 survivors (4096K)
 Metaspace       used 35011K, committed 36160K, reserved 491520K
  class space    used 3938K, committed 4480K, reserved 425984K
}
Event: 60.585 GC heap after
{Heap after GC invocations=8 (full 0):
 garbage-first heap   total reserved 2097152K, committed 94208K, used 31650K [0x0000000080000000, 0x0000000100000000)
  region size 1024K, 4 young (4096K), 4 survivors (4096K)
 Metaspace       used 35011K, committed 36160K, reserved 491520K
  class space    used 3938K, committed 4480K, reserved 425984K
}
Event: 64.176 GC heap before
{Heap before GC invocations=9 (full 0):
 garbage-first heap   total reserved 2097152K, committed 94208K, used 79778K [0x0000000080000000, 0x0000000100000000)
  region size 1024K, 47 young (48128K), 4 survivors (4096K)
 Metaspace       used 38244K, committed 39552K, reserved 491520K
  class space    used 4206K, committed 4800K, reserved 425984K
}
Event: 64.185 GC heap after
{Heap after GC invocations=10 (full 0):
 garbage-first heap   total reserved 2097152K, committed 94208K, used 36530K [0x0000000080000000, 0x0000000100000000)
  region size 1024K, 6 young (6144K), 6 survivors (6144K)
 Metaspace       used 38244K, committed 39552K, reserved 491520K
  class space    used 4206K, committed 4800K, reserved 425984K
}
Event: 88.469 GC heap before
{Heap before GC invocations=10 (full 0):
 garbage-first heap   total reserved 2097152K, committed 94208K, used 77490K [0x0000000080000000, 0x0000000100000000)
  region size 1024K, 46 young (47104K), 6 survivors (6144K)
 Metaspace       used 41098K, committed 42432K, reserved 491520K
  class space    used 4584K, committed 5184K, reserved 425984K
}
Event: 88.510 GC heap after
{Heap after GC invocations=11 (full 0):
 garbage-first heap   total reserved 2097152K, committed 94208K, used 39535K [0x0000000080000000, 0x0000000100000000)
  region size 1024K, 5 young (5120K), 5 survivors (5120K)
 Metaspace       used 41098K, committed 42432K, reserved 491520K
  class space    used 4584K, committed 5184K, reserved 425984K
}
Event: 98.941 GC heap before
{Heap before GC invocations=11 (full 0):
 garbage-first heap   total reserved 2097152K, committed 94208K, used 79471K [0x0000000080000000, 0x0000000100000000)
  region size 1024K, 44 young (45056K), 5 survivors (5120K)
 Metaspace       used 43774K, committed 45312K, reserved 491520K
  class space    used 4947K, committed 5632K, reserved 425984K
}
Event: 98.953 GC heap after
{Heap after GC invocations=12 (full 0):
 garbage-first heap   total reserved 2097152K, committed 94208K, used 41328K [0x0000000080000000, 0x0000000100000000)
  region size 1024K, 2 young (2048K), 2 survivors (2048K)
 Metaspace       used 43774K, committed 45312K, reserved 491520K
  class space    used 4947K, committed 5632K, reserved 425984K
}
Event: 103.892 GC heap before
{Heap before GC invocations=12 (full 0):
 garbage-first heap   total reserved 2097152K, committed 94208K, used 82288K [0x0000000080000000, 0x0000000100000000)
  region size 1024K, 42 young (43008K), 2 survivors (2048K)
 Metaspace       used 47620K, committed 49280K, reserved 491520K
  class space    used 5505K, committed 6272K, reserved 425984K
}
Event: 103.900 GC heap after
{Heap after GC invocations=13 (full 0):
 garbage-first heap   total reserved 2097152K, committed 94208K, used 42186K [0x0000000080000000, 0x0000000100000000)
  region size 1024K, 3 young (3072K), 3 survivors (3072K)
 Metaspace       used 47620K, committed 49280K, reserved 491520K
  class space    used 5505K, committed 6272K, reserved 425984K
}
Event: 107.988 GC heap before
{Heap before GC invocations=13 (full 0):
 garbage-first heap   total reserved 2097152K, committed 94208K, used 83146K [0x0000000080000000, 0x0000000100000000)
  region size 1024K, 43 young (44032K), 3 survivors (3072K)
 Metaspace       used 51419K, committed 53184K, reserved 491520K
  class space    used 5993K, committed 6848K, reserved 425984K
}
Event: 108.008 GC heap after
{Heap after GC invocations=14 (full 0):
 garbage-first heap   total reserved 2097152K, committed 94208K, used 45447K [0x0000000080000000, 0x0000000100000000)
  region size 1024K, 6 young (6144K), 6 survivors (6144K)
 Metaspace       used 51419K, committed 53184K, reserved 491520K
  class space    used 5993K, committed 6848K, reserved 425984K
}
Event: 121.103 GC heap before
{Heap before GC invocations=14 (full 0):
 garbage-first heap   total reserved 2097152K, committed 94208K, used 82311K [0x0000000080000000, 0x0000000100000000)
  region size 1024K, 41 young (41984K), 6 survivors (6144K)
 Metaspace       used 53906K, committed 55680K, reserved 491520K
  class space    used 6219K, committed 7040K, reserved 425984K
}
Event: 121.128 GC heap after
{Heap after GC invocations=15 (full 0):
 garbage-first heap   total reserved 2097152K, committed 94208K, used 48920K [0x0000000080000000, 0x0000000100000000)
  region size 1024K, 6 young (6144K), 6 survivors (6144K)
 Metaspace       used 53906K, committed 55680K, reserved 491520K
  class space    used 6219K, committed 7040K, reserved 425984K
}
Event: 129.220 GC heap before
{Heap before GC invocations=15 (full 0):
 garbage-first heap   total reserved 2097152K, committed 94208K, used 81688K [0x0000000080000000, 0x0000000100000000)
  region size 1024K, 38 young (38912K), 6 survivors (6144K)
 Metaspace       used 57630K, committed 59584K, reserved 491520K
  class space    used 6666K, committed 7552K, reserved 425984K
}
Event: 129.243 GC heap after
{Heap after GC invocations=16 (full 0):
 garbage-first heap   total reserved 2097152K, committed 94208K, used 49946K [0x0000000080000000, 0x0000000100000000)
  region size 1024K, 2 young (2048K), 2 survivors (2048K)
 Metaspace       used 57630K, committed 59584K, reserved 491520K
  class space    used 6666K, committed 7552K, reserved 425984K
}
Event: 134.776 GC heap before
{Heap before GC invocations=17 (full 0):
 garbage-first heap   total reserved 2097152K, committed 98304K, used 97050K [0x0000000080000000, 0x0000000100000000)
  region size 1024K, 37 young (37888K), 2 survivors (2048K)
 Metaspace       used 60896K, committed 62848K, reserved 491520K
  class space    used 7031K, committed 7936K, reserved 425984K
}
Event: 134.786 GC heap after
{Heap after GC invocations=18 (full 0):
 garbage-first heap   total reserved 2097152K, committed 103424K, used 64926K [0x0000000080000000, 0x0000000100000000)
  region size 1024K, 5 young (5120K), 5 survivors (5120K)
 Metaspace       used 60896K, committed 62848K, reserved 491520K
  class space    used 7031K, committed 7936K, reserved 425984K
}
Event: 137.566 GC heap before
{Heap before GC invocations=18 (full 0):
 garbage-first heap   total reserved 2097152K, committed 103424K, used 91550K [0x0000000080000000, 0x0000000100000000)
  region size 1024K, 31 young (31744K), 5 survivors (5120K)
 Metaspace       used 62867K, committed 64832K, reserved 491520K
  class space    used 7243K, committed 8128K, reserved 425984K
}
Event: 137.574 GC heap after
{Heap after GC invocations=19 (full 0):
 garbage-first heap   total reserved 2097152K, committed 103424K, used 65596K [0x0000000080000000, 0x0000000100000000)
  region size 1024K, 2 young (2048K), 2 survivors (2048K)
 Metaspace       used 62867K, committed 64832K, reserved 491520K
  class space    used 7243K, committed 8128K, reserved 425984K
}

