# JRE version: OpenJDK Runtime Environment Temurin-17.0.19+10 (17.0.19+10) (build 17.0.19+10)
# Java VM: OpenJDK 64-Bit Server VM Temurin-17.0.19+10 (17.0.19+10, mixed mode, sharing, tiered, compressed oops, compressed class ptrs, g1 gc, windows-amd64)
GC Precious Log:
 CPUs: 8 total, 8 available
 Memory: 7930M
 Large Page Support: Disabled
 NUMA Support: Disabled
 Compressed Oops: Enabled (32-bit)
 Heap Region Size: 1M
 Heap Min Capacity: 8M
 Heap Initial Capacity: 124M
 Heap Max Capacity: 2G
 Pre-touch: Disabled
 Parallel Workers: 8
 Concurrent Workers: 2
 Concurrent Refinement Workers: 8
 Periodic GC: Disabled
Heap:
 garbage-first heap   total 86016K, used 74683K [0x0000000080000000, 0x0000000100000000)
  region size 1024K, 29 young (29696K), 4 survivors (4096K)
 Metaspace       used 54072K, committed 54720K, reserved 491520K
  class space    used 7709K, committed 8000K, reserved 425984K
GC Heap History (20 events):
Event: 51.732 GC heap before
{Heap before GC invocations=5 (full 0):
 garbage-first heap   total 86016K, used 69510K [0x0000000080000000, 0x0000000100000000)
  region size 1024K, 50 young (51200K), 4 survivors (4096K)
 Metaspace       used 27624K, committed 28032K, reserved 491520K
  class space    used 4071K, committed 4288K, reserved 425984K
}
Event: 51.745 GC heap after
{Heap after GC invocations=6 (full 0):
 garbage-first heap   total 86016K, used 25698K [0x0000000080000000, 0x0000000100000000)
  region size 1024K, 6 young (6144K), 6 survivors (6144K)
 Metaspace       used 27624K, committed 28032K, reserved 491520K
  class space    used 4071K, committed 4288K, reserved 425984K
}
Event: 57.980 GC heap before
{Heap before GC invocations=6 (full 0):
 garbage-first heap   total 86016K, used 61538K [0x0000000080000000, 0x0000000100000000)
  region size 1024K, 42 young (43008K), 6 survivors (6144K)
 Metaspace       used 32005K, committed 32320K, reserved 491520K
  class space    used 4517K, committed 4672K, reserved 425984K
}
Event: 57.991 GC heap after
{Heap after GC invocations=7 (full 0):
 garbage-first heap   total 86016K, used 29701K [0x0000000080000000, 0x0000000100000000)
  region size 1024K, 6 young (6144K), 6 survivors (6144K)
 Metaspace       used 32005K, committed 32320K, reserved 491520K
  class space    used 4517K, committed 4672K, reserved 425984K
}
Event: 63.331 GC heap before
{Heap before GC invocations=7 (full 0):
 garbage-first heap   total 86016K, used 68613K [0x0000000080000000, 0x0000000100000000)
  region size 1024K, 40 young (40960K), 6 survivors (6144K)
 Metaspace       used 34723K, committed 35200K, reserved 491520K
  class space    used 4805K, committed 5056K, reserved 425984K
}
Event: 63.339 GC heap after
{Heap after GC invocations=8 (full 0):
 garbage-first heap   total 86016K, used 32724K [0x0000000080000000, 0x0000000100000000)
  region size 1024K, 4 young (4096K), 4 survivors (4096K)
 Metaspace       used 34723K, committed 35200K, reserved 491520K
  class space    used 4805K, committed 5056K, reserved 425984K
}
Event: 85.088 GC heap before
{Heap before GC invocations=8 (full 0):
 garbage-first heap   total 86016K, used 49108K [0x0000000080000000, 0x0000000100000000)
  region size 1024K, 21 young (21504K), 4 survivors (4096K)
 Metaspace       used 35595K, committed 35968K, reserved 491520K
  class space    used 4920K, committed 5120K, reserved 425984K
}
Event: 85.107 GC heap after
{Heap after GC invocations=9 (full 0):
 garbage-first heap   total 86016K, used 34518K [0x0000000080000000, 0x0000000100000000)
  region size 1024K, 2 young (2048K), 2 survivors (2048K)
 Metaspace       used 35595K, committed 35968K, reserved 491520K
  class space    used 4920K, committed 5120K, reserved 425984K
}
Event: 89.530 GC heap before
{Heap before GC invocations=10 (full 0):
 garbage-first heap   total 86016K, used 65238K [0x0000000080000000, 0x0000000100000000)
  region size 1024K, 32 young (32768K), 2 survivors (2048K)
 Metaspace       used 37638K, committed 38144K, reserved 491520K
  class space    used 5241K, committed 5504K, reserved 425984K
}
Event: 89.539 GC heap after
{Heap after GC invocations=11 (full 0):
 garbage-first heap   total 86016K, used 35286K [0x0000000080000000, 0x0000000100000000)
  region size 1024K, 3 young (3072K), 3 survivors (3072K)
 Metaspace       used 37638K, committed 38144K, reserved 491520K
  class space    used 5241K, committed 5504K, reserved 425984K
}
Event: 92.150 GC heap before
{Heap before GC invocations=11 (full 0):
 garbage-first heap   total 86016K, used 67030K [0x0000000080000000, 0x0000000100000000)
  region size 1024K, 34 young (34816K), 3 survivors (3072K)
 Metaspace       used 41105K, committed 41600K, reserved 491520K
  class space    used 5770K, committed 6016K, reserved 425984K
}
Event: 92.155 GC heap after
{Heap after GC invocations=12 (full 0):
 garbage-first heap   total 86016K, used 36195K [0x0000000080000000, 0x0000000100000000)
  region size 1024K, 4 young (4096K), 4 survivors (4096K)
 Metaspace       used 41105K, committed 41600K, reserved 491520K
  class space    used 5770K, committed 6016K, reserved 425984K
}
Event: 103.758 GC heap before
{Heap before GC invocations=12 (full 0):
 garbage-first heap   total 86016K, used 66915K [0x0000000080000000, 0x0000000100000000)
  region size 1024K, 35 young (35840K), 4 survivors (4096K)
 Metaspace       used 43797K, committed 44288K, reserved 491520K
  class space    used 6218K, committed 6464K, reserved 425984K
}
Event: 103.770 GC heap after
{Heap after GC invocations=13 (full 0):
 garbage-first heap   total 86016K, used 38187K [0x0000000080000000, 0x0000000100000000)
  region size 1024K, 4 young (4096K), 4 survivors (4096K)
 Metaspace       used 43797K, committed 44288K, reserved 491520K
  class space    used 6218K, committed 6464K, reserved 425984K
}
Event: 107.817 GC heap before
{Heap before GC invocations=13 (full 0):
 garbage-first heap   total 86016K, used 70955K [0x0000000080000000, 0x0000000100000000)
  region size 1024K, 34 young (34816K), 4 survivors (4096K)
 Metaspace       used 47684K, committed 48192K, reserved 491520K
  class space    used 6734K, committed 6976K, reserved 425984K
}
Event: 107.826 GC heap after
{Heap after GC invocations=14 (full 0):
 garbage-first heap   total 86016K, used 39900K [0x0000000080000000, 0x0000000100000000)
  region size 1024K, 4 young (4096K), 4 survivors (4096K)
 Metaspace       used 47684K, committed 48192K, reserved 491520K
  class space    used 6734K, committed 6976K, reserved 425984K
}
Event: 118.671 GC heap before
{Heap before GC invocations=14 (full 0):
 garbage-first heap   total 86016K, used 69596K [0x0000000080000000, 0x0000000100000000)
  region size 1024K, 33 young (33792K), 4 survivors (4096K)
 Metaspace       used 49725K, committed 50304K, reserved 491520K
  class space    used 7029K, committed 7296K, reserved 425984K
}
Event: 118.679 GC heap after
{Heap after GC invocations=15 (full 0):
 garbage-first heap   total 86016K, used 41007K [0x0000000080000000, 0x0000000100000000)
  region size 1024K, 3 young (3072K), 3 survivors (3072K)
 Metaspace       used 49725K, committed 50304K, reserved 491520K
  class space    used 7029K, committed 7296K, reserved 425984K
}
Event: 123.024 GC heap before
{Heap before GC invocations=15 (full 0):
 garbage-first heap   total 86016K, used 69679K [0x0000000080000000, 0x0000000100000000)
  region size 1024K, 31 young (31744K), 3 survivors (3072K)
 Metaspace       used 51577K, committed 52160K, reserved 491520K
  class space    used 7351K, committed 7616K, reserved 425984K
}
Event: 123.046 GC heap after
{Heap after GC invocations=16 (full 0):
 garbage-first heap   total 86016K, used 42939K [0x0000000080000000, 0x0000000100000000)
  region size 1024K, 4 young (4096K), 4 survivors (4096K)
 Metaspace       used 51577K, committed 52160K, reserved 491520K
  class space    used 7351K, committed 7616K, reserved 425984K
}

