# JRE version: OpenJDK Runtime Environment Temurin-17.0.19+10 (17.0.19+10) (build 17.0.19+10)
# Java VM: OpenJDK 64-Bit Server VM Temurin-17.0.19+10 (17.0.19+10, mixed mode, sharing, tiered, compressed oops, compressed class ptrs, g1 gc, windows-amd64)
GC Precious Log:
 CPUs: 8 total, 8 available
 Memory: 7930M
 Large Page Support: Disabled
 NUMA Support: Disabled
 Compressed Oops: Enabled (32-bit)
 Heap Region Size: 1M
 Heap Min Capacity: 8M
 Heap Initial Capacity: 124M
 Heap Max Capacity: 2G
 Pre-touch: Disabled
 Parallel Workers: 8
 Concurrent Workers: 2
 Concurrent Refinement Workers: 8
 Periodic GC: Disabled
Heap:
 garbage-first heap   total 187392K, used 149521K [0x0000000080000000, 0x0000000100000000)
  region size 1024K, 13 young (13312K), 1 survivors (1024K)
 Metaspace       used 94717K, committed 95680K, reserved 557056K
  class space    used 13307K, committed 13760K, reserved 425984K
GC Heap History (20 events):
Event: 189.907 GC heap before
{Heap before GC invocations=66 (full 0):
 garbage-first heap   total 155648K, used 132449K [0x0000000080000000, 0x0000000100000000)
  region size 1024K, 27 young (27648K), 4 survivors (4096K)
 Metaspace       used 92625K, committed 93568K, reserved 557056K
  class space    used 13131K, committed 13568K, reserved 425984K
}
Event: 189.932 GC heap after
{Heap after GC invocations=67 (full 0):
 garbage-first heap   total 155648K, used 112050K [0x0000000080000000, 0x0000000100000000)
  region size 1024K, 4 young (4096K), 4 survivors (4096K)
 Metaspace       used 92625K, committed 93568K, reserved 557056K
  class space    used 13131K, committed 13568K, reserved 425984K
}
Event: 192.008 GC heap before
{Heap before GC invocations=67 (full 0):
 garbage-first heap   total 155648K, used 131506K [0x0000000080000000, 0x0000000100000000)
  region size 1024K, 24 young (24576K), 4 survivors (4096K)
 Metaspace       used 92882K, committed 93760K, reserved 557056K
  class space    used 13141K, committed 13568K, reserved 425984K
}
Event: 192.029 GC heap after
{Heap after GC invocations=68 (full 0):
 garbage-first heap   total 155648K, used 116351K [0x0000000080000000, 0x0000000100000000)
  region size 1024K, 3 young (3072K), 3 survivors (3072K)
 Metaspace       used 92882K, committed 93760K, reserved 557056K
  class space    used 13141K, committed 13568K, reserved 425984K
}
Event: 193.435 GC heap before
{Heap before GC invocations=68 (full 0):
 garbage-first heap   total 155648K, used 133759K [0x0000000080000000, 0x0000000100000000)
  region size 1024K, 18 young (18432K), 3 survivors (3072K)
 Metaspace       used 93001K, committed 93888K, reserved 557056K
  class space    used 13150K, committed 13568K, reserved 425984K
}
Event: 193.450 GC heap after
{Heap after GC invocations=69 (full 0):
 garbage-first heap   total 155648K, used 125071K [0x0000000080000000, 0x0000000100000000)
  region size 1024K, 3 young (3072K), 3 survivors (3072K)
 Metaspace       used 93001K, committed 93888K, reserved 557056K
  class space    used 13150K, committed 13568K, reserved 425984K
}
Event: 194.651 GC heap before
{Heap before GC invocations=69 (full 0):
 garbage-first heap   total 155648K, used 131215K [0x0000000080000000, 0x0000000100000000)
  region size 1024K, 9 young (9216K), 3 survivors (3072K)
 Metaspace       used 94267K, committed 95168K, reserved 557056K
  class space    used 13275K, committed 13696K, reserved 425984K
}
Event: 194.656 GC heap after
{Heap after GC invocations=70 (full 0):
 garbage-first heap   total 155648K, used 127437K [0x0000000080000000, 0x0000000100000000)
  region size 1024K, 2 young (2048K), 2 survivors (2048K)
 Metaspace       used 94267K, committed 95168K, reserved 557056K
  class space    used 13275K, committed 13696K, reserved 425984K
}
Event: 195.078 GC heap before
{Heap before GC invocations=70 (full 0):
 garbage-first heap   total 155648K, used 132557K [0x0000000080000000, 0x0000000100000000)
  region size 1024K, 7 young (7168K), 2 survivors (2048K)
 Metaspace       used 94394K, committed 95360K, reserved 557056K
  class space    used 13292K, committed 13760K, reserved 425984K
}
Event: 195.082 GC heap after
{Heap after GC invocations=71 (full 0):
 garbage-first heap   total 155648K, used 128748K [0x0000000080000000, 0x0000000100000000)
  region size 1024K, 1 young (1024K), 1 survivors (1024K)
 Metaspace       used 94394K, committed 95360K, reserved 557056K
  class space    used 13292K, committed 13760K, reserved 425984K
}
Event: 196.873 GC heap before
{Heap before GC invocations=71 (full 0):
 garbage-first heap   total 155648K, used 134892K [0x0000000080000000, 0x0000000100000000)
  region size 1024K, 7 young (7168K), 1 survivors (1024K)
 Metaspace       used 94502K, committed 95488K, reserved 557056K
  class space    used 13299K, committed 13760K, reserved 425984K
}
Event: 196.878 GC heap after
{Heap after GC invocations=72 (full 0):
 garbage-first heap   total 155648K, used 130473K [0x0000000080000000, 0x0000000100000000)
  region size 1024K, 1 young (1024K), 1 survivors (1024K)
 Metaspace       used 94502K, committed 95488K, reserved 557056K
  class space    used 13299K, committed 13760K, reserved 425984K
}
Event: 197.401 GC heap before
{Heap before GC invocations=72 (full 0):
 garbage-first heap   total 155648K, used 135593K [0x0000000080000000, 0x0000000100000000)
  region size 1024K, 7 young (7168K), 1 survivors (1024K)
 Metaspace       used 94588K, committed 95552K, reserved 557056K
  class space    used 13299K, committed 13760K, reserved 425984K
}
Event: 197.406 GC heap after
{Heap after GC invocations=73 (full 0):
 garbage-first heap   total 155648K, used 132537K [0x0000000080000000, 0x0000000100000000)
  region size 1024K, 1 young (1024K), 1 survivors (1024K)
 Metaspace       used 94588K, committed 95552K, reserved 557056K
  class space    used 13299K, committed 13760K, reserved 425984K
}
Event: 197.546 GC heap before
{Heap before GC invocations=73 (full 0):
 garbage-first heap   total 155648K, used 137657K [0x0000000080000000, 0x0000000100000000)
  region size 1024K, 7 young (7168K), 1 survivors (1024K)
 Metaspace       used 94609K, committed 95552K, reserved 557056K
  class space    used 13299K, committed 13760K, reserved 425984K
}
Event: 197.549 GC heap after
{Heap after GC invocations=74 (full 0):
 garbage-first heap   total 155648K, used 134144K [0x0000000080000000, 0x0000000100000000)
  region size 1024K, 1 young (1024K), 1 survivors (1024K)
 Metaspace       used 94609K, committed 95552K, reserved 557056K
  class space    used 13299K, committed 13760K, reserved 425984K
}
Event: 197.734 GC heap before
{Heap before GC invocations=74 (full 0):
 garbage-first heap   total 155648K, used 139264K [0x0000000080000000, 0x0000000100000000)
  region size 1024K, 7 young (7168K), 1 survivors (1024K)
 Metaspace       used 94621K, committed 95552K, reserved 557056K
  class space    used 13299K, committed 13760K, reserved 425984K
}
Event: 197.737 GC heap after
{Heap after GC invocations=75 (full 0):
 garbage-first heap   total 155648K, used 135399K [0x0000000080000000, 0x0000000100000000)
  region size 1024K, 1 young (1024K), 1 survivors (1024K)
 Metaspace       used 94621K, committed 95552K, reserved 557056K
  class space    used 13299K, committed 13760K, reserved 425984K
}
Event: 197.857 GC heap before
{Heap before GC invocations=75 (full 0):
 garbage-first heap   total 155648K, used 141543K [0x0000000080000000, 0x0000000100000000)
  region size 1024K, 7 young (7168K), 1 survivors (1024K)
 Metaspace       used 94629K, committed 95552K, reserved 557056K
  class space    used 13299K, committed 13760K, reserved 425984K
}
Event: 197.881 GC heap after
{Heap after GC invocations=76 (full 0):
 garbage-first heap   total 187392K, used 136209K [0x0000000080000000, 0x0000000100000000)
  region size 1024K, 1 young (1024K), 1 survivors (1024K)
 Metaspace       used 94629K, committed 95552K, reserved 557056K
  class space    used 13299K, committed 13760K, reserved 425984K
}

