# JRE version: OpenJDK Runtime Environment Temurin-21.0.11+10 (21.0.11+10) (build 21.0.11+10-LTS)
# Java VM: OpenJDK 64-Bit Server VM Temurin-21.0.11+10 (21.0.11+10-LTS, mixed mode, sharing, tiered, compressed oops, compressed class ptrs, g1 gc, windows-amd64)
GC Precious Log:
 CardTable entry size: 512
 Card Set container configuration: InlinePtr #cards 5 size 8 Array Of Cards #cards 12 size 40 Howl #buckets 4 coarsen threshold 1843 Howl Bitmap #cards 512 size 80 coarsen threshold 460 Card regions per heap region 1 cards per card region 2048
 CPUs: 8 total, 8 available
 Memory: 7930M
 Large Page Support: Disabled
 NUMA Support: Disabled
 Compressed Oops: Enabled (32-bit)
 Heap Region Size: 1M
 Heap Min Capacity: 256M
 Heap Initial Capacity: 256M
 Heap Max Capacity: 512M
 Pre-touch: Disabled
 Parallel Workers: 8
 Concurrent Workers: 2
 Concurrent Refinement Workers: 8
 Periodic GC: Disabled
Heap:
 garbage-first heap   total 262144K, used 127668K [0x00000000e0000000, 0x0000000100000000)
  region size 1024K, 102 young (104448K), 9 survivors (9216K)
 Metaspace       used 45280K, committed 46848K, reserved 393216K
  class space    used 6682K, committed 7488K, reserved 327680K
GC Heap History (8 events):
Event: 2.005 GC heap before
{Heap before GC invocations=0 (full 0):
 garbage-first heap   total 262144K, used 26624K [0x00000000e0000000, 0x0000000100000000)
  region size 1024K, 23 young (23552K), 0 survivors (0K)
 Metaspace       used 3180K, committed 3328K, reserved 393216K
  class space    used 416K, committed 448K, reserved 327680K
}
Event: 2.045 GC heap after
{Heap after GC invocations=1 (full 0):
 garbage-first heap   total 262144K, used 10282K [0x00000000e0000000, 0x0000000100000000)
  region size 1024K, 3 young (3072K), 3 survivors (3072K)
 Metaspace       used 3180K, committed 3328K, reserved 393216K
  class space    used 416K, committed 448K, reserved 327680K
}
Event: 3.887 GC heap before
{Heap before GC invocations=1 (full 0):
 garbage-first heap   total 262144K, used 37930K [0x00000000e0000000, 0x0000000100000000)
  region size 1024K, 31 young (31744K), 3 survivors (3072K)
 Metaspace       used 4085K, committed 4288K, reserved 393216K
  class space    used 512K, committed 640K, reserved 327680K
}
Event: 3.891 GC heap after
{Heap after GC invocations=2 (full 0):
 garbage-first heap   total 262144K, used 11359K [0x00000000e0000000, 0x0000000100000000)
  region size 1024K, 1 young (1024K), 1 survivors (1024K)
 Metaspace       used 4085K, committed 4288K, reserved 393216K
  class space    used 512K, committed 640K, reserved 327680K
}
Event: 78.302 GC heap before
{Heap before GC invocations=2 (full 0):
 garbage-first heap   total 262144K, used 122975K [0x00000000e0000000, 0x0000000100000000)
  region size 1024K, 110 young (112640K), 1 survivors (1024K)
 Metaspace       used 20888K, committed 21504K, reserved 393216K
  class space    used 3097K, committed 3392K, reserved 327680K
}
Event: 78.344 GC heap after
{Heap after GC invocations=3 (full 0):
 garbage-first heap   total 262144K, used 22987K [0x00000000e0000000, 0x0000000100000000)
  region size 1024K, 13 young (13312K), 13 survivors (13312K)
 Metaspace       used 20888K, committed 21504K, reserved 393216K
  class space    used 3097K, committed 3392K, reserved 327680K
}
Event: 131.825 GC heap before
{Heap before GC invocations=4 (full 0):
 garbage-first heap   total 262144K, used 136651K [0x00000000e0000000, 0x0000000100000000)
  region size 1024K, 121 young (123904K), 13 survivors (13312K)
 Metaspace       used 34908K, committed 36096K, reserved 393216K
  class space    used 5037K, committed 5632K, reserved 327680K
}
Event: 131.944 GC heap after
{Heap after GC invocations=5 (full 0):
 garbage-first heap   total 262144K, used 33460K [0x00000000e0000000, 0x0000000100000000)
  region size 1024K, 9 young (9216K), 9 survivors (9216K)
 Metaspace       used 34908K, committed 36096K, reserved 393216K
  class space    used 5037K, committed 5632K, reserved 327680K
}

