# JRE version: OpenJDK Runtime Environment Temurin-17.0.19+10 (17.0.19+10) (build 17.0.19+10)
# Java VM: OpenJDK 64-Bit Server VM Temurin-17.0.19+10 (17.0.19+10, mixed mode, sharing, tiered, compressed oops, compressed class ptrs, g1 gc, windows-amd64)
GC Precious Log:
 CPUs: 8 total, 8 available
 Memory: 7930M
 Large Page Support: Disabled
 NUMA Support: Disabled
 Compressed Oops: Enabled (32-bit)
 Heap Region Size: 1M
 Heap Min Capacity: 8M
 Heap Initial Capacity: 124M
 Heap Max Capacity: 2G
 Pre-touch: Disabled
 Parallel Workers: 8
 Concurrent Workers: 2
 Concurrent Refinement Workers: 8
 Periodic GC: Disabled
Heap:
 garbage-first heap   total 184320K, used 79288K [0x0000000080000000, 0x0000000100000000)
  region size 1024K, 17 young (17408K), 2 survivors (2048K)
 Metaspace       used 63784K, committed 64448K, reserved 491520K
  class space    used 8996K, committed 9280K, reserved 425984K
GC Heap History (20 events):
Event: 122.903 GC heap before
{Heap before GC invocations=18 (full 0):
 garbage-first heap   total 86016K, used 70342K [0x0000000080000000, 0x0000000100000000)
  region size 1024K, 27 young (27648K), 4 survivors (4096K)
 Metaspace       used 54049K, committed 54720K, reserved 491520K
  class space    used 7696K, committed 8000K, reserved 425984K
}
Event: 122.917 GC heap after
{Heap after GC invocations=19 (full 0):
 garbage-first heap   total 86016K, used 49379K [0x0000000080000000, 0x0000000100000000)
  region size 1024K, 2 young (2048K), 2 survivors (2048K)
 Metaspace       used 54049K, committed 54720K, reserved 491520K
  class space    used 7696K, committed 8000K, reserved 425984K
}
Event: 126.561 GC heap before
{Heap before GC invocations=20 (full 0):
 garbage-first heap   total 99328K, used 79075K [0x0000000080000000, 0x0000000100000000)
  region size 1024K, 23 young (23552K), 2 survivors (2048K)
 Metaspace       used 55280K, committed 55872K, reserved 491520K
  class space    used 7863K, committed 8128K, reserved 425984K
}
Event: 126.566 GC heap after
{Heap after GC invocations=21 (full 0):
 garbage-first heap   total 99328K, used 58957K [0x0000000080000000, 0x0000000100000000)
  region size 1024K, 2 young (2048K), 2 survivors (2048K)
 Metaspace       used 55280K, committed 55872K, reserved 491520K
  class space    used 7863K, committed 8128K, reserved 425984K
}
Event: 126.672 GC heap before
{Heap before GC invocations=21 (full 0):
 garbage-first heap   total 99328K, used 61005K [0x0000000080000000, 0x0000000100000000)
  region size 1024K, 4 young (4096K), 2 survivors (2048K)
 Metaspace       used 55486K, committed 56128K, reserved 491520K
  class space    used 7896K, committed 8192K, reserved 425984K
}
Event: 126.684 GC heap after
{Heap after GC invocations=22 (full 0):
 garbage-first heap   total 99328K, used 58931K [0x0000000080000000, 0x0000000100000000)
  region size 1024K, 1 young (1024K), 1 survivors (1024K)
 Metaspace       used 55486K, committed 56128K, reserved 491520K
  class space    used 7896K, committed 8192K, reserved 425984K
}
Event: 128.035 GC heap before
{Heap before GC invocations=22 (full 0):
 garbage-first heap   total 99328K, used 80435K [0x0000000080000000, 0x0000000100000000)
  region size 1024K, 22 young (22528K), 1 survivors (1024K)
 Metaspace       used 57984K, committed 58624K, reserved 491520K
  class space    used 8207K, committed 8512K, reserved 425984K
}
Event: 128.039 GC heap after
{Heap after GC invocations=23 (full 0):
 garbage-first heap   total 99328K, used 59671K [0x0000000080000000, 0x0000000100000000)
  region size 1024K, 1 young (1024K), 1 survivors (1024K)
 Metaspace       used 57984K, committed 58624K, reserved 491520K
  class space    used 8207K, committed 8512K, reserved 425984K
}
Event: 129.323 GC heap before
{Heap before GC invocations=24 (full 0):
 garbage-first heap   total 104448K, used 80151K [0x0000000080000000, 0x0000000100000000)
  region size 1024K, 22 young (22528K), 1 survivors (1024K)
 Metaspace       used 59635K, committed 60224K, reserved 491520K
  class space    used 8435K, committed 8704K, reserved 425984K
}
Event: 129.326 GC heap after
{Heap after GC invocations=25 (full 0):
 garbage-first heap   total 104448K, used 61120K [0x0000000080000000, 0x0000000100000000)
  region size 1024K, 3 young (3072K), 3 survivors (3072K)
 Metaspace       used 59635K, committed 60224K, reserved 491520K
  class space    used 8435K, committed 8704K, reserved 425984K
}
Event: 129.380 GC heap before
{Heap before GC invocations=25 (full 0):
 garbage-first heap   total 104448K, used 63168K [0x0000000080000000, 0x0000000100000000)
  region size 1024K, 5 young (5120K), 3 survivors (3072K)
 Metaspace       used 59758K, committed 60416K, reserved 491520K
  class space    used 8454K, committed 8768K, reserved 425984K
}
Event: 129.384 GC heap after
{Heap after GC invocations=26 (full 0):
 garbage-first heap   total 104448K, used 60994K [0x0000000080000000, 0x0000000100000000)
  region size 1024K, 1 young (1024K), 1 survivors (1024K)
 Metaspace       used 59758K, committed 60416K, reserved 491520K
  class space    used 8454K, committed 8768K, reserved 425984K
}
Event: 131.149 GC heap before
{Heap before GC invocations=26 (full 0):
 garbage-first heap   total 104448K, used 83522K [0x0000000080000000, 0x0000000100000000)
  region size 1024K, 24 young (24576K), 1 survivors (1024K)
 Metaspace       used 61317K, committed 62016K, reserved 491520K
  class space    used 8646K, committed 8960K, reserved 425984K
}
Event: 131.152 GC heap after
{Heap after GC invocations=27 (full 0):
 garbage-first heap   total 104448K, used 61302K [0x0000000080000000, 0x0000000100000000)
  region size 1024K, 1 young (1024K), 1 survivors (1024K)
 Metaspace       used 61317K, committed 62016K, reserved 491520K
  class space    used 8646K, committed 8960K, reserved 425984K
}
Event: 135.018 GC heap before
{Heap before GC invocations=28 (full 0):
 garbage-first heap   total 106496K, used 84854K [0x0000000080000000, 0x0000000100000000)
  region size 1024K, 25 young (25600K), 1 survivors (1024K)
 Metaspace       used 62269K, committed 62912K, reserved 491520K
  class space    used 8778K, committed 9088K, reserved 425984K
}
Event: 135.026 GC heap after
{Heap after GC invocations=29 (full 0):
 garbage-first heap   total 106496K, used 64704K [0x0000000080000000, 0x0000000100000000)
  region size 1024K, 4 young (4096K), 4 survivors (4096K)
 Metaspace       used 62269K, committed 62912K, reserved 491520K
  class space    used 8778K, committed 9088K, reserved 425984K
}
Event: 135.102 GC heap before
{Heap before GC invocations=29 (full 0):
 garbage-first heap   total 106496K, used 65728K [0x0000000080000000, 0x0000000100000000)
  region size 1024K, 5 young (5120K), 4 survivors (4096K)
 Metaspace       used 62274K, committed 62976K, reserved 491520K
  class space    used 8778K, committed 9088K, reserved 425984K
}
Event: 135.107 GC heap after
{Heap after GC invocations=30 (full 0):
 garbage-first heap   total 106496K, used 64969K [0x0000000080000000, 0x0000000100000000)
  region size 1024K, 1 young (1024K), 1 survivors (1024K)
 Metaspace       used 62274K, committed 62976K, reserved 491520K
  class space    used 8778K, committed 9088K, reserved 425984K
}
Event: 138.781 GC heap before
{Heap before GC invocations=30 (full 0):
 garbage-first heap   total 106496K, used 87497K [0x0000000080000000, 0x0000000100000000)
  region size 1024K, 23 young (23552K), 1 survivors (1024K)
 Metaspace       used 63273K, committed 63936K, reserved 491520K
  class space    used 8920K, committed 9216K, reserved 425984K
}
Event: 138.786 GC heap after
{Heap after GC invocations=31 (full 0):
 garbage-first heap   total 184320K, used 65965K [0x0000000080000000, 0x0000000100000000)
  region size 1024K, 2 young (2048K), 2 survivors (2048K)
 Metaspace       used 63273K, committed 63936K, reserved 491520K
  class space    used 8920K, committed 9216K, reserved 425984K
}

