# JRE version: OpenJDK Runtime Environment Temurin-17.0.19+10 (17.0.19+10) (build 17.0.19+10)
# Java VM: OpenJDK 64-Bit Server VM Temurin-17.0.19+10 (17.0.19+10, mixed mode, sharing, tiered, compressed oops, compressed class ptrs, g1 gc, windows-amd64)
GC Precious Log:
 CPUs: 8 total, 8 available
 Memory: 7930M
 Large Page Support: Disabled
 NUMA Support: Disabled
 Compressed Oops: Enabled (32-bit)
 Heap Region Size: 1M
 Heap Min Capacity: 8M
 Heap Initial Capacity: 124M
 Heap Max Capacity: 2G
 Pre-touch: Disabled
 Parallel Workers: 8
 Concurrent Workers: 2
 Concurrent Refinement Workers: 8
 Periodic GC: Disabled
Heap:
 garbage-first heap   total 140288K, used 105002K [0x0000000080000000, 0x0000000100000000)
  region size 1024K, 45 young (46080K), 3 survivors (3072K)
 Metaspace       used 64809K, committed 65536K, reserved 491520K
  class space    used 9124K, committed 9472K, reserved 425984K
GC Heap History (20 events):
Event: 120.353 GC heap before
{Heap before GC invocations=16 (full 0):
 garbage-first heap   total 86016K, used 65696K [0x0000000080000000, 0x0000000100000000)
  region size 1024K, 29 young (29696K), 3 survivors (3072K)
 Metaspace       used 51658K, committed 52288K, reserved 491520K
  class space    used 7345K, committed 7616K, reserved 425984K
}
Event: 120.365 GC heap after
{Heap after GC invocations=17 (full 0):
 garbage-first heap   total 86016K, used 43147K [0x0000000080000000, 0x0000000100000000)
  region size 1024K, 4 young (4096K), 4 survivors (4096K)
 Metaspace       used 51658K, committed 52288K, reserved 491520K
  class space    used 7345K, committed 7616K, reserved 425984K
}
Event: 120.495 GC heap before
{Heap before GC invocations=18 (full 0):
 garbage-first heap   total 86016K, used 45195K [0x0000000080000000, 0x0000000100000000)
  region size 1024K, 5 young (5120K), 4 survivors (4096K)
 Metaspace       used 51660K, committed 52288K, reserved 491520K
  class space    used 7346K, committed 7616K, reserved 425984K
}
Event: 120.504 GC heap after
{Heap after GC invocations=19 (full 0):
 garbage-first heap   total 86016K, used 45686K [0x0000000080000000, 0x0000000100000000)
  region size 1024K, 3 young (3072K), 3 survivors (3072K)
 Metaspace       used 51660K, committed 52288K, reserved 491520K
  class space    used 7346K, committed 7616K, reserved 425984K
}
Event: 123.138 GC heap before
{Heap before GC invocations=20 (full 0):
 garbage-first heap   total 86016K, used 69238K [0x0000000080000000, 0x0000000100000000)
  region size 1024K, 25 young (25600K), 3 survivors (3072K)
 Metaspace       used 54095K, committed 54720K, reserved 491520K
  class space    used 7701K, committed 8000K, reserved 425984K
}
Event: 123.157 GC heap after
{Heap after GC invocations=21 (full 0):
 garbage-first heap   total 86016K, used 49194K [0x0000000080000000, 0x0000000100000000)
  region size 1024K, 2 young (2048K), 2 survivors (2048K)
 Metaspace       used 54095K, committed 54720K, reserved 491520K
  class space    used 7701K, committed 8000K, reserved 425984K
}
Event: 125.815 GC heap before
{Heap before GC invocations=22 (full 0):
 garbage-first heap   total 92160K, used 77866K [0x0000000080000000, 0x0000000100000000)
  region size 1024K, 22 young (22528K), 2 survivors (2048K)
 Metaspace       used 55227K, committed 55872K, reserved 491520K
  class space    used 7851K, committed 8128K, reserved 425984K
}
Event: 125.818 GC heap after
{Heap after GC invocations=23 (full 0):
 garbage-first heap   total 92160K, used 58982K [0x0000000080000000, 0x0000000100000000)
  region size 1024K, 2 young (2048K), 2 survivors (2048K)
 Metaspace       used 55227K, committed 55872K, reserved 491520K
  class space    used 7851K, committed 8128K, reserved 425984K
}
Event: 125.928 GC heap before
{Heap before GC invocations=23 (full 0):
 garbage-first heap   total 92160K, used 60006K [0x0000000080000000, 0x0000000100000000)
  region size 1024K, 4 young (4096K), 2 survivors (2048K)
 Metaspace       used 55422K, committed 56064K, reserved 491520K
  class space    used 7885K, committed 8192K, reserved 425984K
}
Event: 125.939 GC heap after
{Heap after GC invocations=24 (full 0):
 garbage-first heap   total 92160K, used 58822K [0x0000000080000000, 0x0000000100000000)
  region size 1024K, 1 young (1024K), 1 survivors (1024K)
 Metaspace       used 55422K, committed 56064K, reserved 491520K
  class space    used 7885K, committed 8192K, reserved 425984K
}
Event: 126.978 GC heap before
{Heap before GC invocations=24 (full 0):
 garbage-first heap   total 92160K, used 77254K [0x0000000080000000, 0x0000000100000000)
  region size 1024K, 19 young (19456K), 1 survivors (1024K)
 Metaspace       used 57551K, committed 58176K, reserved 491520K
  class space    used 8172K, committed 8448K, reserved 425984K
}
Event: 126.980 GC heap after
{Heap after GC invocations=25 (full 0):
 garbage-first heap   total 92160K, used 59190K [0x0000000080000000, 0x0000000100000000)
  region size 1024K, 1 young (1024K), 1 survivors (1024K)
 Metaspace       used 57551K, committed 58176K, reserved 491520K
  class space    used 8172K, committed 8448K, reserved 425984K
}
Event: 129.037 GC heap before
{Heap before GC invocations=26 (full 0):
 garbage-first heap   total 102400K, used 77622K [0x0000000080000000, 0x0000000100000000)
  region size 1024K, 19 young (19456K), 1 survivors (1024K)
 Metaspace       used 59155K, committed 59776K, reserved 491520K
  class space    used 8369K, committed 8640K, reserved 425984K
}
Event: 129.040 GC heap after
{Heap after GC invocations=27 (full 0):
 garbage-first heap   total 102400K, used 60754K [0x0000000080000000, 0x0000000100000000)
  region size 1024K, 3 young (3072K), 3 survivors (3072K)
 Metaspace       used 59155K, committed 59776K, reserved 491520K
  class space    used 8369K, committed 8640K, reserved 425984K
}
Event: 129.374 GC heap before
{Heap before GC invocations=27 (full 0):
 garbage-first heap   total 102400K, used 62802K [0x0000000080000000, 0x0000000100000000)
  region size 1024K, 5 young (5120K), 3 survivors (3072K)
 Metaspace       used 59305K, committed 59968K, reserved 491520K
  class space    used 8392K, committed 8704K, reserved 425984K
}
Event: 129.381 GC heap after
{Heap after GC invocations=28 (full 0):
 garbage-first heap   total 102400K, used 60638K [0x0000000080000000, 0x0000000100000000)
  region size 1024K, 1 young (1024K), 1 survivors (1024K)
 Metaspace       used 59305K, committed 59968K, reserved 491520K
  class space    used 8392K, committed 8704K, reserved 425984K
}
Event: 132.289 GC heap before
{Heap before GC invocations=28 (full 0):
 garbage-first heap   total 102400K, used 84190K [0x0000000080000000, 0x0000000100000000)
  region size 1024K, 24 young (24576K), 1 survivors (1024K)
 Metaspace       used 60857K, committed 61568K, reserved 491520K
  class space    used 8591K, committed 8896K, reserved 425984K
}
Event: 132.292 GC heap after
{Heap after GC invocations=29 (full 0):
 garbage-first heap   total 140288K, used 61104K [0x0000000080000000, 0x0000000100000000)
  region size 1024K, 1 young (1024K), 1 survivors (1024K)
 Metaspace       used 60857K, committed 61568K, reserved 491520K
  class space    used 8591K, committed 8896K, reserved 425984K
}
Event: 137.321 GC heap before
{Heap before GC invocations=30 (full 0):
 garbage-first heap   total 140288K, used 106160K [0x0000000080000000, 0x0000000100000000)
  region size 1024K, 46 young (47104K), 1 survivors (1024K)
 Metaspace       used 63170K, committed 63808K, reserved 491520K
  class space    used 8914K, committed 9216K, reserved 425984K
}
Event: 137.333 GC heap after
{Heap after GC invocations=31 (full 0):
 garbage-first heap   total 140288K, used 63018K [0x0000000080000000, 0x0000000100000000)
  region size 1024K, 3 young (3072K), 3 survivors (3072K)
 Metaspace       used 63170K, committed 63808K, reserved 491520K
  class space    used 8914K, committed 9216K, reserved 425984K
}

