# JRE version: OpenJDK Runtime Environment Temurin-17.0.19+10 (17.0.19+10) (build 17.0.19+10)
# Java VM: OpenJDK 64-Bit Server VM Temurin-17.0.19+10 (17.0.19+10, mixed mode, sharing, tiered, compressed oops, compressed class ptrs, g1 gc, windows-amd64)
GC Precious Log:
 CPUs: 8 total, 8 available
 Memory: 7930M
 Large Page Support: Disabled
 NUMA Support: Disabled
 Compressed Oops: Enabled (32-bit)
 Heap Region Size: 1M
 Heap Min Capacity: 8M
 Heap Initial Capacity: 124M
 Heap Max Capacity: 2G
 Pre-touch: Disabled
 Parallel Workers: 8
 Concurrent Workers: 2
 Concurrent Refinement Workers: 8
 Periodic GC: Disabled
Heap:
 garbage-first heap   total 89088K, used 45062K [0x0000000080000000, 0x0000000100000000)
  region size 1024K, 10 young (10240K), 4 survivors (4096K)
 Metaspace       used 48473K, committed 49088K, reserved 491520K
  class space    used 6825K, committed 7104K, reserved 425984K
GC Heap History (20 events):
Event: 40.825 GC heap before
{Heap before GC invocations=3 (full 0):
 garbage-first heap   total 126976K, used 76701K [0x0000000080000000, 0x0000000100000000)
  region size 1024K, 63 young (64512K), 8 survivors (8192K)
 Metaspace       used 21128K, committed 21376K, reserved 491520K
  class space    used 3078K, committed 3200K, reserved 425984K
}
Event: 40.835 GC heap after
{Heap after GC invocations=4 (full 0):
 garbage-first heap   total 126976K, used 23756K [0x0000000080000000, 0x0000000100000000)
  region size 1024K, 4 young (4096K), 4 survivors (4096K)
 Metaspace       used 21128K, committed 21376K, reserved 491520K
  class space    used 3078K, committed 3200K, reserved 425984K
}
Event: 40.955 GC heap before
{Heap before GC invocations=4 (full 0):
 garbage-first heap   total 126976K, used 24780K [0x0000000080000000, 0x0000000100000000)
  region size 1024K, 6 young (6144K), 4 survivors (4096K)
 Metaspace       used 21242K, committed 21504K, reserved 491520K
  class space    used 3100K, committed 3264K, reserved 425984K
}
Event: 40.960 GC heap after
{Heap after GC invocations=5 (full 0):
 garbage-first heap   total 126976K, used 23823K [0x0000000080000000, 0x0000000100000000)
  region size 1024K, 4 young (4096K), 4 survivors (4096K)
 Metaspace       used 21242K, committed 21504K, reserved 491520K
  class space    used 3100K, committed 3264K, reserved 425984K
}
Event: 49.248 GC heap before
{Heap before GC invocations=6 (full 0):
 garbage-first heap   total 89088K, used 72975K [0x0000000080000000, 0x0000000100000000)
  region size 1024K, 52 young (53248K), 4 survivors (4096K)
 Metaspace       used 28172K, committed 28544K, reserved 491520K
  class space    used 4104K, committed 4288K, reserved 425984K
}
Event: 49.255 GC heap after
{Heap after GC invocations=7 (full 0):
 garbage-first heap   total 89088K, used 26300K [0x0000000080000000, 0x0000000100000000)
  region size 1024K, 6 young (6144K), 6 survivors (6144K)
 Metaspace       used 28172K, committed 28544K, reserved 491520K
  class space    used 4104K, committed 4288K, reserved 425984K
}
Event: 56.175 GC heap before
{Heap before GC invocations=7 (full 0):
 garbage-first heap   total 89088K, used 70332K [0x0000000080000000, 0x0000000100000000)
  region size 1024K, 45 young (46080K), 6 survivors (6144K)
 Metaspace       used 33175K, committed 33536K, reserved 491520K
  class space    used 4587K, committed 4736K, reserved 425984K
}
Event: 56.187 GC heap after
{Heap after GC invocations=8 (full 0):
 garbage-first heap   total 89088K, used 30253K [0x0000000080000000, 0x0000000100000000)
  region size 1024K, 6 young (6144K), 6 survivors (6144K)
 Metaspace       used 33175K, committed 33536K, reserved 491520K
  class space    used 4587K, committed 4736K, reserved 425984K
}
Event: 77.365 GC heap before
{Heap before GC invocations=8 (full 0):
 garbage-first heap   total 89088K, used 67117K [0x0000000080000000, 0x0000000100000000)
  region size 1024K, 42 young (43008K), 6 survivors (6144K)
 Metaspace       used 35295K, committed 35776K, reserved 491520K
  class space    used 4873K, committed 5120K, reserved 425984K
}
Event: 77.387 GC heap after
{Heap after GC invocations=9 (full 0):
 garbage-first heap   total 89088K, used 34369K [0x0000000080000000, 0x0000000100000000)
  region size 1024K, 4 young (4096K), 4 survivors (4096K)
 Metaspace       used 35295K, committed 35776K, reserved 491520K
  class space    used 4873K, committed 5120K, reserved 425984K
}
Event: 77.667 GC heap before
{Heap before GC invocations=9 (full 0):
 garbage-first heap   total 89088K, used 42561K [0x0000000080000000, 0x0000000100000000)
  region size 1024K, 13 young (13312K), 4 survivors (4096K)
 Metaspace       used 35577K, committed 35968K, reserved 491520K
  class space    used 4915K, committed 5120K, reserved 425984K
}
Event: 77.677 GC heap after
{Heap after GC invocations=10 (full 0):
 garbage-first heap   total 89088K, used 34801K [0x0000000080000000, 0x0000000100000000)
  region size 1024K, 1 young (1024K), 1 survivors (1024K)
 Metaspace       used 35577K, committed 35968K, reserved 491520K
  class space    used 4915K, committed 5120K, reserved 425984K
}
Event: 80.003 GC heap before
{Heap before GC invocations=11 (full 0):
 garbage-first heap   total 89088K, used 66545K [0x0000000080000000, 0x0000000100000000)
  region size 1024K, 32 young (32768K), 1 survivors (1024K)
 Metaspace       used 37769K, committed 38272K, reserved 491520K
  class space    used 5257K, committed 5504K, reserved 425984K
}
Event: 80.007 GC heap after
{Heap after GC invocations=12 (full 0):
 garbage-first heap   total 89088K, used 35603K [0x0000000080000000, 0x0000000100000000)
  region size 1024K, 2 young (2048K), 2 survivors (2048K)
 Metaspace       used 37769K, committed 38272K, reserved 491520K
  class space    used 5257K, committed 5504K, reserved 425984K
}
Event: 82.929 GC heap before
{Heap before GC invocations=12 (full 0):
 garbage-first heap   total 89088K, used 68371K [0x0000000080000000, 0x0000000100000000)
  region size 1024K, 34 young (34816K), 2 survivors (2048K)
 Metaspace       used 41293K, committed 41792K, reserved 491520K
  class space    used 5802K, committed 6016K, reserved 425984K
}
Event: 82.933 GC heap after
{Heap after GC invocations=13 (full 0):
 garbage-first heap   total 89088K, used 36604K [0x0000000080000000, 0x0000000100000000)
  region size 1024K, 3 young (3072K), 3 survivors (3072K)
 Metaspace       used 41293K, committed 41792K, reserved 491520K
  class space    used 5802K, committed 6016K, reserved 425984K
}
Event: 87.830 GC heap before
{Heap before GC invocations=13 (full 0):
 garbage-first heap   total 89088K, used 69372K [0x0000000080000000, 0x0000000100000000)
  region size 1024K, 35 young (35840K), 3 survivors (3072K)
 Metaspace       used 44482K, committed 44992K, reserved 491520K
  class space    used 6344K, committed 6592K, reserved 425984K
}
Event: 87.842 GC heap after
{Heap after GC invocations=14 (full 0):
 garbage-first heap   total 89088K, used 38998K [0x0000000080000000, 0x0000000100000000)
  region size 1024K, 5 young (5120K), 5 survivors (5120K)
 Metaspace       used 44482K, committed 44992K, reserved 491520K
  class space    used 6344K, committed 6592K, reserved 425984K
}
Event: 102.665 GC heap before
{Heap before GC invocations=14 (full 0):
 garbage-first heap   total 89088K, used 71766K [0x0000000080000000, 0x0000000100000000)
  region size 1024K, 35 young (35840K), 5 survivors (5120K)
 Metaspace       used 47851K, committed 48448K, reserved 491520K
  class space    used 6748K, committed 6976K, reserved 425984K
}
Event: 102.693 GC heap after
{Heap after GC invocations=15 (full 0):
 garbage-first heap   total 89088K, used 39942K [0x0000000080000000, 0x0000000100000000)
  region size 1024K, 4 young (4096K), 4 survivors (4096K)
 Metaspace       used 47851K, committed 48448K, reserved 491520K
  class space    used 6748K, committed 6976K, reserved 425984K
}

